2020-05-05 22:15:22,276 DEBUG - 31.758ms,commonrequest:getBlockNumber:DONE
2020-05-05 22:15:22,376 DEBUG - 98.815ms,commonrequest:getClientVersion:DONE
2020-05-05 22:16:54,189 DEBUG - 35.947ms,commonrequest:getBlockNumber:DONE
2020-05-05 22:17:00,960 DEBUG - 115.522ms,commonrequest:sendRawTransaction:DONE
2020-05-05 22:19:03,341 DEBUG - 25.310ms,commonrequest:getBlockNumber:DONE
2020-05-05 22:19:04,479 DEBUG - 25.515ms,commonrequest:call:DONE
2020-05-05 22:19:43,790 DEBUG - 31.349ms,commonrequest:getBlockNumber:DONE
2020-05-05 22:19:45,239 DEBUG - 347.455ms,commonrequest:sendRawTransaction:DONE
2020-05-05 22:19:45,270 DEBUG - 29.447ms,commonrequest:getTransactionByHash:DONE
2020-05-05 22:21:10,227 DEBUG - 33.099ms,commonrequest:getBlockNumber:DONE
2020-05-05 22:21:11,377 DEBUG - 33.116ms,commonrequest:call:DONE
2020-05-06 00:27:44,031 DEBUG - 194.052ms,commonrequest:getBlockNumber:DONE
2020-05-06 00:27:44,786 DEBUG - 753.540ms,commonrequest:getClientVersion:DONE
2020-05-06 00:27:44,979 DEBUG - 192.928ms,commonrequest:getBlockNumber:DONE
2020-05-06 00:28:38,663 DEBUG - 32.111ms,commonrequest:getBlockNumber:DONE
2020-05-06 00:28:38,765 DEBUG - 101.481ms,commonrequest:getClientVersion:DONE
2020-05-06 00:28:38,798 DEBUG - 32.861ms,commonrequest:getBlockNumber:DONE
2020-05-06 00:37:38,732 DEBUG - 28.828ms,commonrequest:getBlockNumber:DONE
2020-05-06 00:37:38,823 DEBUG - 90.212ms,commonrequest:getClientVersion:DONE
2020-05-06 00:37:38,851 DEBUG - 27.330ms,commonrequest:getBlockNumber:DONE
2020-05-06 00:45:33,422 DEBUG - 34.093ms,commonrequest:getBlockNumber:DONE
2020-05-06 00:46:29,634 DEBUG - 57.514ms,commonrequest:getBlockNumber:DONE
2020-05-06 00:58:40,637 DEBUG - 36.845ms,commonrequest:getBlockNumber:DONE
2020-05-06 01:06:38,516 DEBUG - 39.132ms,commonrequest:getBlockNumber:DONE
2020-05-06 01:15:59,179 DEBUG - 39.525ms,commonrequest:getBlockNumber:DONE
2020-05-06 01:17:56,125 DEBUG - 36.449ms,commonrequest:getBlockNumber:DONE
2020-05-06 01:18:43,496 DEBUG - 36.541ms,commonrequest:getBlockNumber:DONE
2020-05-06 01:24:01,882 DEBUG - 31.914ms,commonrequest:getBlockNumber:DONE
2020-05-06 01:50:39,960 DEBUG - 2288.138ms,commonrequest:getBlockNumber:DONE
2020-05-06 01:52:18,786 DEBUG - 183.588ms,commonrequest:getBlockNumber:DONE
2020-05-06 02:21:02,713 DEBUG - 2476.196ms,commonrequest:getBlockNumber:DONE
2020-05-06 02:21:12,964 DEBUG - 1642.277ms,commonrequest:sendRawTransaction:DONE
2020-05-06 02:22:38,653 DEBUG - 191.535ms,commonrequest:getBlockNumber:DONE
2020-05-06 02:22:47,269 DEBUG - 1048.507ms,commonrequest:sendRawTransaction:DONE
2020-05-06 02:22:47,665 DEBUG - 379.059ms,commonrequest:sendRawTransaction:DONE
2020-05-06 02:22:47,860 DEBUG - 192.201ms,commonrequest:getTransactionByHash:DONE
2020-05-06 02:22:48,053 DEBUG - 191.277ms,commonrequest:call:DONE
2020-05-06 02:22:48,245 DEBUG - 190.087ms,commonrequest:call:DONE
2020-05-06 02:22:48,437 DEBUG - 190.497ms,commonrequest:call:DONE
2020-05-06 02:22:48,629 DEBUG - 191.376ms,commonrequest:call:DONE
